<?xml version="1.0" encoding="UTF-8"?>
<testng-results ignored="0" total="1" passed="1" failed="0" skipped="0">
  <reporter-output>
  </reporter-output>
  <suite started-at="2020-12-19T11:22:16 IST" name="OrangeHRMTestCases" finished-at="2020-12-19T11:22:50 IST" duration-ms="34860">
    <groups>
    </groups>
    <test started-at="2020-12-19T11:22:16 IST" name="RegressionTests" finished-at="2020-12-19T11:22:50 IST" duration-ms="34860">
      <class name="com.montran.Testcases.LoginfunctionalityTestCases">
        <test-method is-config="true" signature="Init(java.lang.String)[pri:0, instance:com.montran.Testcases.LoginfunctionalityTestCases@56de5251]" started-at="2020-12-19T11:22:16 IST" name="Init" finished-at="2020-12-19T11:22:44 IST" duration-ms="28532" status="PASS">
          <params>
            <param index="0">
              <value>
                <![CDATA[CHROME]]>
              </value>
            </param>
          </params>
          <reporter-output>
          </reporter-output>
        </test-method> <!-- Init -->
        <test-method signature="TestLoginValidCredentials()[pri:0, instance:com.montran.Testcases.LoginfunctionalityTestCases@56de5251]" started-at="2020-12-19T11:22:44 IST" name="TestLoginValidCredentials" finished-at="2020-12-19T11:22:50 IST" duration-ms="5566" status="PASS">
          <reporter-output>
          </reporter-output>
        </test-method> <!-- TestLoginValidCredentials -->
        <test-method is-config="true" signature="CloseBrowser()[pri:0, instance:com.montran.Testcases.LoginfunctionalityTestCases@56de5251]" started-at="2020-12-19T11:22:50 IST" name="CloseBrowser" finished-at="2020-12-19T11:22:50 IST" duration-ms="728" status="PASS">
          <reporter-output>
          </reporter-output>
        </test-method> <!-- CloseBrowser -->
      </class> <!-- com.montran.Testcases.LoginfunctionalityTestCases -->
    </test> <!-- RegressionTests -->
  </suite> <!-- OrangeHRMTestCases -->
</testng-results>
